22:13:38 **** Build of configuration Debug for project STM32F1_Blink ****
make all 
Building file: ../system/src/stm32f1-hal/stm32f1xx_hal.c
Invoking: GNU Arm Cross C Compiler
echo -mcpu=cortex-m3 -mthumb -O2  -g -DDEBUG -DUSE_FULL_ASSERT -DTRACE -DOS_USE_TRACE_SEMIHOSTING_DEBUG -DSTM32F103x6 -DUSE_HAL_DRIVER -DHSE_VALUE=8000000 -I"../include" -I"../system/include" -I"../system/include/cmsis" -I"../system/include/stm32f1-hal" -std=gnu11 -MMD -MP -MF"system/src/stm32f1-hal/stm32f1xx_hal.d" -MT"system/src/stm32f1-hal/stm32f1xx_hal.o" -c -o "system/src/stm32f1-hal/stm32f1xx_hal.o" "../system/src/stm32f1-hal/stm32f1xx_hal.c"
-mcpu=cortex-m3 -mthumb -O2 -g -DDEBUG -DUSE_FULL_ASSERT -DTRACE -DOS_USE_TRACE_SEMIHOSTING_DEBUG -DSTM32F103x6 -DUSE_HAL_DRIVER -DHSE_VALUE=8000000 -I../include -I../system/include -I../system/include/cmsis -I../system/include/stm32f1-hal -std=gnu11 -MMD -MP -MFsystem/src/stm32f1-hal/stm32f1xx_hal.d -MTsystem/src/stm32f1-hal/stm32f1xx_hal.o -c -o system/src/stm32f1-hal/stm32f1xx_hal.o ../system/src/stm32f1-hal/stm32f1xx_hal.c
Finished building: ../system/src/stm32f1-hal/stm32f1xx_hal.c
 
Building file: ../system/src/stm32f1-hal/stm32f1xx_hal_cortex.c
Invoking: GNU Arm Cross C Compiler
echo -mcpu=cortex-m3 -mthumb -O2  -g -DDEBUG -DUSE_FULL_ASSERT -DTRACE -DOS_USE_TRACE_SEMIHOSTING_DEBUG -DSTM32F103x6 -DUSE_HAL_DRIVER -DHSE_VALUE=8000000 -I"../include" -I"../system/include" -I"../system/include/cmsis" -I"../system/include/stm32f1-hal" -std=gnu11 -MMD -MP -MF"system/src/stm32f1-hal/stm32f1xx_hal_cortex.d" -MT"system/src/stm32f1-hal/stm32f1xx_hal_cortex.o" -c -o "system/src/stm32f1-hal/stm32f1xx_hal_cortex.o" "../system/src/stm32f1-hal/stm32f1xx_hal_cortex.c"
-mcpu=cortex-m3 -mthumb -O2 -g -DDEBUG -DUSE_FULL_ASSERT -DTRACE -DOS_USE_TRACE_SEMIHOSTING_DEBUG -DSTM32F103x6 -DUSE_HAL_DRIVER -DHSE_VALUE=8000000 -I../include -I../system/include -I../system/include/cmsis -I../system/include/stm32f1-hal -std=gnu11 -MMD -MP -MFsystem/src/stm32f1-hal/stm32f1xx_hal_cortex.d -MTsystem/src/stm32f1-hal/stm32f1xx_hal_cortex.o -c -o system/src/stm32f1-hal/stm32f1xx_hal_cortex.o ../system/src/stm32f1-hal/stm32f1xx_hal_cortex.c
Finished building: ../system/src/stm32f1-hal/stm32f1xx_hal_cortex.c
 
Building file: ../system/src/stm32f1-hal/stm32f1xx_hal_flash.c
Invoking: GNU Arm Cross C Compiler
echo -mcpu=cortex-m3 -mthumb -O2  -g -DDEBUG -DUSE_FULL_ASSERT -DTRACE -DOS_USE_TRACE_SEMIHOSTING_DEBUG -DSTM32F103x6 -DUSE_HAL_DRIVER -DHSE_VALUE=8000000 -I"../include" -I"../system/include" -I"../system/include/cmsis" -I"../system/include/stm32f1-hal" -std=gnu11 -MMD -MP -MF"system/src/stm32f1-hal/stm32f1xx_hal_flash.d" -MT"system/src/stm32f1-hal/stm32f1xx_hal_flash.o" -c -o "system/src/stm32f1-hal/stm32f1xx_hal_flash.o" "../system/src/stm32f1-hal/stm32f1xx_hal_flash.c"
-mcpu=cortex-m3 -mthumb -O2 -g -DDEBUG -DUSE_FULL_ASSERT -DTRACE -DOS_USE_TRACE_SEMIHOSTING_DEBUG -DSTM32F103x6 -DUSE_HAL_DRIVER -DHSE_VALUE=8000000 -I../include -I../system/include -I../system/include/cmsis -I../system/include/stm32f1-hal -std=gnu11 -MMD -MP -MFsystem/src/stm32f1-hal/stm32f1xx_hal_flash.d -MTsystem/src/stm32f1-hal/stm32f1xx_hal_flash.o -c -o system/src/stm32f1-hal/stm32f1xx_hal_flash.o ../system/src/stm32f1-hal/stm32f1xx_hal_flash.c
Finished building: ../system/src/stm32f1-hal/stm32f1xx_hal_flash.c
 
Building file: ../system/src/stm32f1-hal/stm32f1xx_hal_flash_ex.c
Invoking: GNU Arm Cross C Compiler
echo -mcpu=cortex-m3 -mthumb -O2  -g -DDEBUG -DUSE_FULL_ASSERT -DTRACE -DOS_USE_TRACE_SEMIHOSTING_DEBUG -DSTM32F103x6 -DUSE_HAL_DRIVER -DHSE_VALUE=8000000 -I"../include" -I"../system/include" -I"../system/include/cmsis" -I"../system/include/stm32f1-hal" -std=gnu11 -MMD -MP -MF"system/src/stm32f1-hal/stm32f1xx_hal_flash_ex.d" -MT"system/src/stm32f1-hal/stm32f1xx_hal_flash_ex.o" -c -o "system/src/stm32f1-hal/stm32f1xx_hal_flash_ex.o" "../system/src/stm32f1-hal/stm32f1xx_hal_flash_ex.c"
-mcpu=cortex-m3 -mthumb -O2 -g -DDEBUG -DUSE_FULL_ASSERT -DTRACE -DOS_USE_TRACE_SEMIHOSTING_DEBUG -DSTM32F103x6 -DUSE_HAL_DRIVER -DHSE_VALUE=8000000 -I../include -I../system/include -I../system/include/cmsis -I../system/include/stm32f1-hal -std=gnu11 -MMD -MP -MFsystem/src/stm32f1-hal/stm32f1xx_hal_flash_ex.d -MTsystem/src/stm32f1-hal/stm32f1xx_hal_flash_ex.o -c -o system/src/stm32f1-hal/stm32f1xx_hal_flash_ex.o ../system/src/stm32f1-hal/stm32f1xx_hal_flash_ex.c
Finished building: ../system/src/stm32f1-hal/stm32f1xx_hal_flash_ex.c
 
Building file: ../system/src/stm32f1-hal/stm32f1xx_hal_gpio.c
Invoking: GNU Arm Cross C Compiler
echo -mcpu=cortex-m3 -mthumb -O2  -g -DDEBUG -DUSE_FULL_ASSERT -DTRACE -DOS_USE_TRACE_SEMIHOSTING_DEBUG -DSTM32F103x6 -DUSE_HAL_DRIVER -DHSE_VALUE=8000000 -I"../include" -I"../system/include" -I"../system/include/cmsis" -I"../system/include/stm32f1-hal" -std=gnu11 -MMD -MP -MF"system/src/stm32f1-hal/stm32f1xx_hal_gpio.d" -MT"system/src/stm32f1-hal/stm32f1xx_hal_gpio.o" -c -o "system/src/stm32f1-hal/stm32f1xx_hal_gpio.o" "../system/src/stm32f1-hal/stm32f1xx_hal_gpio.c"
-mcpu=cortex-m3 -mthumb -O2 -g -DDEBUG -DUSE_FULL_ASSERT -DTRACE -DOS_USE_TRACE_SEMIHOSTING_DEBUG -DSTM32F103x6 -DUSE_HAL_DRIVER -DHSE_VALUE=8000000 -I../include -I../system/include -I../system/include/cmsis -I../system/include/stm32f1-hal -std=gnu11 -MMD -MP -MFsystem/src/stm32f1-hal/stm32f1xx_hal_gpio.d -MTsystem/src/stm32f1-hal/stm32f1xx_hal_gpio.o -c -o system/src/stm32f1-hal/stm32f1xx_hal_gpio.o ../system/src/stm32f1-hal/stm32f1xx_hal_gpio.c
Finished building: ../system/src/stm32f1-hal/stm32f1xx_hal_gpio.c
 
Building file: ../system/src/stm32f1-hal/stm32f1xx_hal_gpio_ex.c
Invoking: GNU Arm Cross C Compiler
echo -mcpu=cortex-m3 -mthumb -O2  -g -DDEBUG -DUSE_FULL_ASSERT -DTRACE -DOS_USE_TRACE_SEMIHOSTING_DEBUG -DSTM32F103x6 -DUSE_HAL_DRIVER -DHSE_VALUE=8000000 -I"../include" -I"../system/include" -I"../system/include/cmsis" -I"../system/include/stm32f1-hal" -std=gnu11 -MMD -MP -MF"system/src/stm32f1-hal/stm32f1xx_hal_gpio_ex.d" -MT"system/src/stm32f1-hal/stm32f1xx_hal_gpio_ex.o" -c -o "system/src/stm32f1-hal/stm32f1xx_hal_gpio_ex.o" "../system/src/stm32f1-hal/stm32f1xx_hal_gpio_ex.c"
-mcpu=cortex-m3 -mthumb -O2 -g -DDEBUG -DUSE_FULL_ASSERT -DTRACE -DOS_USE_TRACE_SEMIHOSTING_DEBUG -DSTM32F103x6 -DUSE_HAL_DRIVER -DHSE_VALUE=8000000 -I../include -I../system/include -I../system/include/cmsis -I../system/include/stm32f1-hal -std=gnu11 -MMD -MP -MFsystem/src/stm32f1-hal/stm32f1xx_hal_gpio_ex.d -MTsystem/src/stm32f1-hal/stm32f1xx_hal_gpio_ex.o -c -o system/src/stm32f1-hal/stm32f1xx_hal_gpio_ex.o ../system/src/stm32f1-hal/stm32f1xx_hal_gpio_ex.c
Finished building: ../system/src/stm32f1-hal/stm32f1xx_hal_gpio_ex.c
 
Building file: ../system/src/stm32f1-hal/stm32f1xx_hal_iwdg.c
Invoking: GNU Arm Cross C Compiler
echo -mcpu=cortex-m3 -mthumb -O2  -g -DDEBUG -DUSE_FULL_ASSERT -DTRACE -DOS_USE_TRACE_SEMIHOSTING_DEBUG -DSTM32F103x6 -DUSE_HAL_DRIVER -DHSE_VALUE=8000000 -I"../include" -I"../system/include" -I"../system/include/cmsis" -I"../system/include/stm32f1-hal" -std=gnu11 -MMD -MP -MF"system/src/stm32f1-hal/stm32f1xx_hal_iwdg.d" -MT"system/src/stm32f1-hal/stm32f1xx_hal_iwdg.o" -c -o "system/src/stm32f1-hal/stm32f1xx_hal_iwdg.o" "../system/src/stm32f1-hal/stm32f1xx_hal_iwdg.c"
-mcpu=cortex-m3 -mthumb -O2 -g -DDEBUG -DUSE_FULL_ASSERT -DTRACE -DOS_USE_TRACE_SEMIHOSTING_DEBUG -DSTM32F103x6 -DUSE_HAL_DRIVER -DHSE_VALUE=8000000 -I../include -I../system/include -I../system/include/cmsis -I../system/include/stm32f1-hal -std=gnu11 -MMD -MP -MFsystem/src/stm32f1-hal/stm32f1xx_hal_iwdg.d -MTsystem/src/stm32f1-hal/stm32f1xx_hal_iwdg.o -c -o system/src/stm32f1-hal/stm32f1xx_hal_iwdg.o ../system/src/stm32f1-hal/stm32f1xx_hal_iwdg.c
Finished building: ../system/src/stm32f1-hal/stm32f1xx_hal_iwdg.c
 
Building file: ../system/src/stm32f1-hal/stm32f1xx_hal_pwr.c
Invoking: GNU Arm Cross C Compiler
echo -mcpu=cortex-m3 -mthumb -O2  -g -DDEBUG -DUSE_FULL_ASSERT -DTRACE -DOS_USE_TRACE_SEMIHOSTING_DEBUG -DSTM32F103x6 -DUSE_HAL_DRIVER -DHSE_VALUE=8000000 -I"../include" -I"../system/include" -I"../system/include/cmsis" -I"../system/include/stm32f1-hal" -std=gnu11 -MMD -MP -MF"system/src/stm32f1-hal/stm32f1xx_hal_pwr.d" -MT"system/src/stm32f1-hal/stm32f1xx_hal_pwr.o" -c -o "system/src/stm32f1-hal/stm32f1xx_hal_pwr.o" "../system/src/stm32f1-hal/stm32f1xx_hal_pwr.c"
-mcpu=cortex-m3 -mthumb -O2 -g -DDEBUG -DUSE_FULL_ASSERT -DTRACE -DOS_USE_TRACE_SEMIHOSTING_DEBUG -DSTM32F103x6 -DUSE_HAL_DRIVER -DHSE_VALUE=8000000 -I../include -I../system/include -I../system/include/cmsis -I../system/include/stm32f1-hal -std=gnu11 -MMD -MP -MFsystem/src/stm32f1-hal/stm32f1xx_hal_pwr.d -MTsystem/src/stm32f1-hal/stm32f1xx_hal_pwr.o -c -o system/src/stm32f1-hal/stm32f1xx_hal_pwr.o ../system/src/stm32f1-hal/stm32f1xx_hal_pwr.c
Finished building: ../system/src/stm32f1-hal/stm32f1xx_hal_pwr.c
 
Building file: ../system/src/stm32f1-hal/stm32f1xx_hal_rcc.c
Invoking: GNU Arm Cross C Compiler
echo -mcpu=cortex-m3 -mthumb -O2  -g -DDEBUG -DUSE_FULL_ASSERT -DTRACE -DOS_USE_TRACE_SEMIHOSTING_DEBUG -DSTM32F103x6 -DUSE_HAL_DRIVER -DHSE_VALUE=8000000 -I"../include" -I"../system/include" -I"../system/include/cmsis" -I"../system/include/stm32f1-hal" -std=gnu11 -MMD -MP -MF"system/src/stm32f1-hal/stm32f1xx_hal_rcc.d" -MT"system/src/stm32f1-hal/stm32f1xx_hal_rcc.o" -c -o "system/src/stm32f1-hal/stm32f1xx_hal_rcc.o" "../system/src/stm32f1-hal/stm32f1xx_hal_rcc.c"
-mcpu=cortex-m3 -mthumb -O2 -g -DDEBUG -DUSE_FULL_ASSERT -DTRACE -DOS_USE_TRACE_SEMIHOSTING_DEBUG -DSTM32F103x6 -DUSE_HAL_DRIVER -DHSE_VALUE=8000000 -I../include -I../system/include -I../system/include/cmsis -I../system/include/stm32f1-hal -std=gnu11 -MMD -MP -MFsystem/src/stm32f1-hal/stm32f1xx_hal_rcc.d -MTsystem/src/stm32f1-hal/stm32f1xx_hal_rcc.o -c -o system/src/stm32f1-hal/stm32f1xx_hal_rcc.o ../system/src/stm32f1-hal/stm32f1xx_hal_rcc.c
Finished building: ../system/src/stm32f1-hal/stm32f1xx_hal_rcc.c
 
Building file: ../system/src/newlib/assert.c
Invoking: GNU Arm Cross C Compiler
echo -mcpu=cortex-m3 -mthumb -O2  -g -DDEBUG -DUSE_FULL_ASSERT -DTRACE -DOS_USE_TRACE_SEMIHOSTING_DEBUG -DSTM32F103x6 -DUSE_HAL_DRIVER -DHSE_VALUE=8000000 -I"../include" -I"../system/include" -I"../system/include/cmsis" -I"../system/include/stm32f1-hal" -std=gnu11 -MMD -MP -MF"system/src/newlib/assert.d" -MT"system/src/newlib/assert.o" -c -o "system/src/newlib/assert.o" "../system/src/newlib/assert.c"
-mcpu=cortex-m3 -mthumb -O2 -g -DDEBUG -DUSE_FULL_ASSERT -DTRACE -DOS_USE_TRACE_SEMIHOSTING_DEBUG -DSTM32F103x6 -DUSE_HAL_DRIVER -DHSE_VALUE=8000000 -I../include -I../system/include -I../system/include/cmsis -I../system/include/stm32f1-hal -std=gnu11 -MMD -MP -MFsystem/src/newlib/assert.d -MTsystem/src/newlib/assert.o -c -o system/src/newlib/assert.o ../system/src/newlib/assert.c
Finished building: ../system/src/newlib/assert.c
 
Building file: ../system/src/newlib/cxx.cpp
Invoking: GNU Arm Cross C++ Compiler
echo -mcpu=cortex-m3 -mthumb -O2  -g -DDEBUG -DUSE_FULL_ASSERT -DTRACE -DOS_USE_TRACE_SEMIHOSTING_DEBUG -DSTM32F103x6 -DUSE_HAL_DRIVER -DHSE_VALUE=8000000 -I"../include" -I"../system/include" -I"../system/include/cmsis" -I"../system/include/stm32f1-hal" -std=gnu++11 -fabi-version=0 -MMD -MP -MF"system/src/newlib/cxx.d" -MT"system/src/newlib/cxx.o" -c -o "system/src/newlib/cxx.o" "../system/src/newlib/cxx.cpp"
-mcpu=cortex-m3 -mthumb -O2 -g -DDEBUG -DUSE_FULL_ASSERT -DTRACE -DOS_USE_TRACE_SEMIHOSTING_DEBUG -DSTM32F103x6 -DUSE_HAL_DRIVER -DHSE_VALUE=8000000 -I../include -I../system/include -I../system/include/cmsis -I../system/include/stm32f1-hal -std=gnu++11 -fabi-version=0 -MMD -MP -MFsystem/src/newlib/cxx.d -MTsystem/src/newlib/cxx.o -c -o system/src/newlib/cxx.o ../system/src/newlib/cxx.cpp
Finished building: ../system/src/newlib/cxx.cpp
 
Building file: ../system/src/newlib/exit.c
Invoking: GNU Arm Cross C Compiler
echo -mcpu=cortex-m3 -mthumb -O2  -g -DDEBUG -DUSE_FULL_ASSERT -DTRACE -DOS_USE_TRACE_SEMIHOSTING_DEBUG -DSTM32F103x6 -DUSE_HAL_DRIVER -DHSE_VALUE=8000000 -I"../include" -I"../system/include" -I"../system/include/cmsis" -I"../system/include/stm32f1-hal" -std=gnu11 -MMD -MP -MF"system/src/newlib/exit.d" -MT"system/src/newlib/exit.o" -c -o "system/src/newlib/exit.o" "../system/src/newlib/exit.c"
-mcpu=cortex-m3 -mthumb -O2 -g -DDEBUG -DUSE_FULL_ASSERT -DTRACE -DOS_USE_TRACE_SEMIHOSTING_DEBUG -DSTM32F103x6 -DUSE_HAL_DRIVER -DHSE_VALUE=8000000 -I../include -I../system/include -I../system/include/cmsis -I../system/include/stm32f1-hal -std=gnu11 -MMD -MP -MFsystem/src/newlib/exit.d -MTsystem/src/newlib/exit.o -c -o system/src/newlib/exit.o ../system/src/newlib/exit.c
Finished building: ../system/src/newlib/exit.c
 
Building file: ../system/src/newlib/sbrk.c
Invoking: GNU Arm Cross C Compiler
echo -mcpu=cortex-m3 -mthumb -O2  -g -DDEBUG -DUSE_FULL_ASSERT -DTRACE -DOS_USE_TRACE_SEMIHOSTING_DEBUG -DSTM32F103x6 -DUSE_HAL_DRIVER -DHSE_VALUE=8000000 -I"../include" -I"../system/include" -I"../system/include/cmsis" -I"../system/include/stm32f1-hal" -std=gnu11 -MMD -MP -MF"system/src/newlib/sbrk.d" -MT"system/src/newlib/sbrk.o" -c -o "system/src/newlib/sbrk.o" "../system/src/newlib/sbrk.c"
-mcpu=cortex-m3 -mthumb -O2 -g -DDEBUG -DUSE_FULL_ASSERT -DTRACE -DOS_USE_TRACE_SEMIHOSTING_DEBUG -DSTM32F103x6 -DUSE_HAL_DRIVER -DHSE_VALUE=8000000 -I../include -I../system/include -I../system/include/cmsis -I../system/include/stm32f1-hal -std=gnu11 -MMD -MP -MFsystem/src/newlib/sbrk.d -MTsystem/src/newlib/sbrk.o -c -o system/src/newlib/sbrk.o ../system/src/newlib/sbrk.c
Finished building: ../system/src/newlib/sbrk.c
 
Building file: ../system/src/newlib/startup.c
Invoking: GNU Arm Cross C Compiler
echo -mcpu=cortex-m3 -mthumb -O2  -g -DDEBUG -DUSE_FULL_ASSERT -DTRACE -DOS_USE_TRACE_SEMIHOSTING_DEBUG -DSTM32F103x6 -DUSE_HAL_DRIVER -DHSE_VALUE=8000000 -I"../include" -I"../system/include" -I"../system/include/cmsis" -I"../system/include/stm32f1-hal" -std=gnu11 -MMD -MP -MF"system/src/newlib/startup.d" -MT"system/src/newlib/startup.o" -c -o "system/src/newlib/startup.o" "../system/src/newlib/startup.c"
-mcpu=cortex-m3 -mthumb -O2 -g -DDEBUG -DUSE_FULL_ASSERT -DTRACE -DOS_USE_TRACE_SEMIHOSTING_DEBUG -DSTM32F103x6 -DUSE_HAL_DRIVER -DHSE_VALUE=8000000 -I../include -I../system/include -I../system/include/cmsis -I../system/include/stm32f1-hal -std=gnu11 -MMD -MP -MFsystem/src/newlib/startup.d -MTsystem/src/newlib/startup.o -c -o system/src/newlib/startup.o ../system/src/newlib/startup.c
Finished building: ../system/src/newlib/startup.c
 
Building file: ../system/src/newlib/syscalls.c
Invoking: GNU Arm Cross C Compiler
echo -mcpu=cortex-m3 -mthumb -O2  -g -DDEBUG -DUSE_FULL_ASSERT -DTRACE -DOS_USE_TRACE_SEMIHOSTING_DEBUG -DSTM32F103x6 -DUSE_HAL_DRIVER -DHSE_VALUE=8000000 -I"../include" -I"../system/include" -I"../system/include/cmsis" -I"../system/include/stm32f1-hal" -std=gnu11 -MMD -MP -MF"system/src/newlib/syscalls.d" -MT"system/src/newlib/syscalls.o" -c -o "system/src/newlib/syscalls.o" "../system/src/newlib/syscalls.c"
-mcpu=cortex-m3 -mthumb -O2 -g -DDEBUG -DUSE_FULL_ASSERT -DTRACE -DOS_USE_TRACE_SEMIHOSTING_DEBUG -DSTM32F103x6 -DUSE_HAL_DRIVER -DHSE_VALUE=8000000 -I../include -I../system/include -I../system/include/cmsis -I../system/include/stm32f1-hal -std=gnu11 -MMD -MP -MFsystem/src/newlib/syscalls.d -MTsystem/src/newlib/syscalls.o -c -o system/src/newlib/syscalls.o ../system/src/newlib/syscalls.c
Finished building: ../system/src/newlib/syscalls.c
 
Building file: ../system/src/diag/trace-impl.c
Invoking: GNU Arm Cross C Compiler
echo -mcpu=cortex-m3 -mthumb -O2  -g -DDEBUG -DUSE_FULL_ASSERT -DTRACE -DOS_USE_TRACE_SEMIHOSTING_DEBUG -DSTM32F103x6 -DUSE_HAL_DRIVER -DHSE_VALUE=8000000 -I"../include" -I"../system/include" -I"../system/include/cmsis" -I"../system/include/stm32f1-hal" -std=gnu11 -MMD -MP -MF"system/src/diag/trace-impl.d" -MT"system/src/diag/trace-impl.o" -c -o "system/src/diag/trace-impl.o" "../system/src/diag/trace-impl.c"
-mcpu=cortex-m3 -mthumb -O2 -g -DDEBUG -DUSE_FULL_ASSERT -DTRACE -DOS_USE_TRACE_SEMIHOSTING_DEBUG -DSTM32F103x6 -DUSE_HAL_DRIVER -DHSE_VALUE=8000000 -I../include -I../system/include -I../system/include/cmsis -I../system/include/stm32f1-hal -std=gnu11 -MMD -MP -MFsystem/src/diag/trace-impl.d -MTsystem/src/diag/trace-impl.o -c -o system/src/diag/trace-impl.o ../system/src/diag/trace-impl.c
Finished building: ../system/src/diag/trace-impl.c
 
Building file: ../system/src/diag/trace.c
Invoking: GNU Arm Cross C Compiler
echo -mcpu=cortex-m3 -mthumb -O2  -g -DDEBUG -DUSE_FULL_ASSERT -DTRACE -DOS_USE_TRACE_SEMIHOSTING_DEBUG -DSTM32F103x6 -DUSE_HAL_DRIVER -DHSE_VALUE=8000000 -I"../include" -I"../system/include" -I"../system/include/cmsis" -I"../system/include/stm32f1-hal" -std=gnu11 -MMD -MP -MF"system/src/diag/trace.d" -MT"system/src/diag/trace.o" -c -o "system/src/diag/trace.o" "../system/src/diag/trace.c"
-mcpu=cortex-m3 -mthumb -O2 -g -DDEBUG -DUSE_FULL_ASSERT -DTRACE -DOS_USE_TRACE_SEMIHOSTING_DEBUG -DSTM32F103x6 -DUSE_HAL_DRIVER -DHSE_VALUE=8000000 -I../include -I../system/include -I../system/include/cmsis -I../system/include/stm32f1-hal -std=gnu11 -MMD -MP -MFsystem/src/diag/trace.d -MTsystem/src/diag/trace.o -c -o system/src/diag/trace.o ../system/src/diag/trace.c
Finished building: ../system/src/diag/trace.c
 
Building file: ../system/src/cortexm/exception-handlers.c
Invoking: GNU Arm Cross C Compiler
echo -mcpu=cortex-m3 -mthumb -O2  -g -DDEBUG -DUSE_FULL_ASSERT -DTRACE -DOS_USE_TRACE_SEMIHOSTING_DEBUG -DSTM32F103x6 -DUSE_HAL_DRIVER -DHSE_VALUE=8000000 -I"../include" -I"../system/include" -I"../system/include/cmsis" -I"../system/include/stm32f1-hal" -std=gnu11 -MMD -MP -MF"system/src/cortexm/exception-handlers.d" -MT"system/src/cortexm/exception-handlers.o" -c -o "system/src/cortexm/exception-handlers.o" "../system/src/cortexm/exception-handlers.c"
-mcpu=cortex-m3 -mthumb -O2 -g -DDEBUG -DUSE_FULL_ASSERT -DTRACE -DOS_USE_TRACE_SEMIHOSTING_DEBUG -DSTM32F103x6 -DUSE_HAL_DRIVER -DHSE_VALUE=8000000 -I../include -I../system/include -I../system/include/cmsis -I../system/include/stm32f1-hal -std=gnu11 -MMD -MP -MFsystem/src/cortexm/exception-handlers.d -MTsystem/src/cortexm/exception-handlers.o -c -o system/src/cortexm/exception-handlers.o ../system/src/cortexm/exception-handlers.c
Finished building: ../system/src/cortexm/exception-handlers.c
 
Building file: ../system/src/cortexm/initialize-hardware.c
Invoking: GNU Arm Cross C Compiler
echo -mcpu=cortex-m3 -mthumb -O2  -g -DDEBUG -DUSE_FULL_ASSERT -DTRACE -DOS_USE_TRACE_SEMIHOSTING_DEBUG -DSTM32F103x6 -DUSE_HAL_DRIVER -DHSE_VALUE=8000000 -I"../include" -I"../system/include" -I"../system/include/cmsis" -I"../system/include/stm32f1-hal" -std=gnu11 -MMD -MP -MF"system/src/cortexm/initialize-hardware.d" -MT"system/src/cortexm/initialize-hardware.o" -c -o "system/src/cortexm/initialize-hardware.o" "../system/src/cortexm/initialize-hardware.c"
-mcpu=cortex-m3 -mthumb -O2 -g -DDEBUG -DUSE_FULL_ASSERT -DTRACE -DOS_USE_TRACE_SEMIHOSTING_DEBUG -DSTM32F103x6 -DUSE_HAL_DRIVER -DHSE_VALUE=8000000 -I../include -I../system/include -I../system/include/cmsis -I../system/include/stm32f1-hal -std=gnu11 -MMD -MP -MFsystem/src/cortexm/initialize-hardware.d -MTsystem/src/cortexm/initialize-hardware.o -c -o system/src/cortexm/initialize-hardware.o ../system/src/cortexm/initialize-hardware.c
Finished building: ../system/src/cortexm/initialize-hardware.c
 
Building file: ../system/src/cortexm/reset-hardware.c
Invoking: GNU Arm Cross C Compiler
echo -mcpu=cortex-m3 -mthumb -O2  -g -DDEBUG -DUSE_FULL_ASSERT -DTRACE -DOS_USE_TRACE_SEMIHOSTING_DEBUG -DSTM32F103x6 -DUSE_HAL_DRIVER -DHSE_VALUE=8000000 -I"../include" -I"../system/include" -I"../system/include/cmsis" -I"../system/include/stm32f1-hal" -std=gnu11 -MMD -MP -MF"system/src/cortexm/reset-hardware.d" -MT"system/src/cortexm/reset-hardware.o" -c -o "system/src/cortexm/reset-hardware.o" "../system/src/cortexm/reset-hardware.c"
-mcpu=cortex-m3 -mthumb -O2 -g -DDEBUG -DUSE_FULL_ASSERT -DTRACE -DOS_USE_TRACE_SEMIHOSTING_DEBUG -DSTM32F103x6 -DUSE_HAL_DRIVER -DHSE_VALUE=8000000 -I../include -I../system/include -I../system/include/cmsis -I../system/include/stm32f1-hal -std=gnu11 -MMD -MP -MFsystem/src/cortexm/reset-hardware.d -MTsystem/src/cortexm/reset-hardware.o -c -o system/src/cortexm/reset-hardware.o ../system/src/cortexm/reset-hardware.c
Finished building: ../system/src/cortexm/reset-hardware.c
 
Building file: ../system/src/cmsis/system_stm32f1xx.c
Invoking: GNU Arm Cross C Compiler
echo -mcpu=cortex-m3 -mthumb -O2  -g -std=gnu11 -MMD -MP -MF"system/src/cmsis/system_stm32f1xx.d" -MT"system/src/cmsis/system_stm32f1xx.d" -c -o "system/src/cmsis/system_stm32f1xx.o" "../system/src/cmsis/system_stm32f1xx.c"
-mcpu=cortex-m3 -mthumb -O2 -g -std=gnu11 -MMD -MP -MFsystem/src/cmsis/system_stm32f1xx.d -MTsystem/src/cmsis/system_stm32f1xx.d -c -o system/src/cmsis/system_stm32f1xx.o ../system/src/cmsis/system_stm32f1xx.c
Finished building: ../system/src/cmsis/system_stm32f1xx.c
 
Building file: ../system/src/cmsis/vectors_stm32f103x6.c
Invoking: GNU Arm Cross C Compiler
echo -mcpu=cortex-m3 -mthumb -O2  -g -DDEBUG -DUSE_FULL_ASSERT -DTRACE -DOS_USE_TRACE_SEMIHOSTING_DEBUG -DSTM32F103x6 -DUSE_HAL_DRIVER -DHSE_VALUE=8000000 -I"../include" -I"../system/include" -I"../system/include/cmsis" -I"../system/include/stm32f1-hal" -std=gnu11 -MMD -MP -MF"system/src/cmsis/vectors_stm32f103x6.d" -MT"system/src/cmsis/vectors_stm32f103x6.o" -c -o "system/src/cmsis/vectors_stm32f103x6.o" "../system/src/cmsis/vectors_stm32f103x6.c"
-mcpu=cortex-m3 -mthumb -O2 -g -DDEBUG -DUSE_FULL_ASSERT -DTRACE -DOS_USE_TRACE_SEMIHOSTING_DEBUG -DSTM32F103x6 -DUSE_HAL_DRIVER -DHSE_VALUE=8000000 -I../include -I../system/include -I../system/include/cmsis -I../system/include/stm32f1-hal -std=gnu11 -MMD -MP -MFsystem/src/cmsis/vectors_stm32f103x6.d -MTsystem/src/cmsis/vectors_stm32f103x6.o -c -o system/src/cmsis/vectors_stm32f103x6.o ../system/src/cmsis/vectors_stm32f103x6.c
Finished building: ../system/src/cmsis/vectors_stm32f103x6.c
 
Building file: ../src/initialize-hardware.c
Invoking: GNU Arm Cross C Compiler
echo -mcpu=cortex-m3 -mthumb -O2  -g -DDEBUG -DUSE_FULL_ASSERT -DTRACE -DOS_USE_TRACE_SEMIHOSTING_DEBUG -DSTM32F103x6 -DUSE_HAL_DRIVER -DHSE_VALUE=8000000 -I"../include" -I"../system/include" -I"../system/include/cmsis" -I"../system/include/stm32f1-hal" -std=gnu11 -MMD -MP -MF"src/initialize-hardware.d" -MT"src/initialize-hardware.o" -c -o "src/initialize-hardware.o" "../src/initialize-hardware.c"
-mcpu=cortex-m3 -mthumb -O2 -g -DDEBUG -DUSE_FULL_ASSERT -DTRACE -DOS_USE_TRACE_SEMIHOSTING_DEBUG -DSTM32F103x6 -DUSE_HAL_DRIVER -DHSE_VALUE=8000000 -I../include -I../system/include -I../system/include/cmsis -I../system/include/stm32f1-hal -std=gnu11 -MMD -MP -MFsrc/initialize-hardware.d -MTsrc/initialize-hardware.o -c -o src/initialize-hardware.o ../src/initialize-hardware.c
Finished building: ../src/initialize-hardware.c
 
Building file: ../src/led.c
Invoking: GNU Arm Cross C Compiler
echo -mcpu=cortex-m3 -mthumb -O2  -g -DDEBUG -DUSE_FULL_ASSERT -DTRACE -DOS_USE_TRACE_SEMIHOSTING_DEBUG -DSTM32F103x6 -DUSE_HAL_DRIVER -DHSE_VALUE=8000000 -I"../include" -I"../system/include" -I"../system/include/cmsis" -I"../system/include/stm32f1-hal" -std=gnu11 -MMD -MP -MF"src/led.d" -MT"src/led.o" -c -o "src/led.o" "../src/led.c"
-mcpu=cortex-m3 -mthumb -O2 -g -DDEBUG -DUSE_FULL_ASSERT -DTRACE -DOS_USE_TRACE_SEMIHOSTING_DEBUG -DSTM32F103x6 -DUSE_HAL_DRIVER -DHSE_VALUE=8000000 -I../include -I../system/include -I../system/include/cmsis -I../system/include/stm32f1-hal -std=gnu11 -MMD -MP -MFsrc/led.d -MTsrc/led.o -c -o src/led.o ../src/led.c
Finished building: ../src/led.c
 
Building file: ../src/main.c
Invoking: GNU Arm Cross C Compiler
echo -mcpu=cortex-m3 -mthumb -O2  -g -DDEBUG -DUSE_FULL_ASSERT -DTRACE -DOS_USE_TRACE_SEMIHOSTING_DEBUG -DSTM32F103x6 -DUSE_HAL_DRIVER -DHSE_VALUE=8000000 -I"../include" -I"../system/include" -I"../system/include/cmsis" -I"../system/include/stm32f1-hal" -std=gnu11 -MMD -MP -MF"src/main.d" -MT"src/main.o" -c -o "src/main.o" "../src/main.c"
-mcpu=cortex-m3 -mthumb -O2 -g -DDEBUG -DUSE_FULL_ASSERT -DTRACE -DOS_USE_TRACE_SEMIHOSTING_DEBUG -DSTM32F103x6 -DUSE_HAL_DRIVER -DHSE_VALUE=8000000 -I../include -I../system/include -I../system/include/cmsis -I../system/include/stm32f1-hal -std=gnu11 -MMD -MP -MFsrc/main.d -MTsrc/main.o -c -o src/main.o ../src/main.c
Finished building: ../src/main.c
 
Building file: ../src/stm32f1xx_hal_msp.c
Invoking: GNU Arm Cross C Compiler
echo -mcpu=cortex-m3 -mthumb -O2  -g -std=gnu11 -MMD -MP -MF"src/stm32f1xx_hal_msp.d" -MT"src/stm32f1xx_hal_msp.d" -c -o "src/stm32f1xx_hal_msp.o" "../src/stm32f1xx_hal_msp.c"
-mcpu=cortex-m3 -mthumb -O2 -g -std=gnu11 -MMD -MP -MFsrc/stm32f1xx_hal_msp.d -MTsrc/stm32f1xx_hal_msp.d -c -o src/stm32f1xx_hal_msp.o ../src/stm32f1xx_hal_msp.c
Finished building: ../src/stm32f1xx_hal_msp.c
 
Building file: ../src/timer.c
Invoking: GNU Arm Cross C Compiler
echo -mcpu=cortex-m3 -mthumb -O2  -g -DDEBUG -DUSE_FULL_ASSERT -DTRACE -DOS_USE_TRACE_SEMIHOSTING_DEBUG -DSTM32F103x6 -DUSE_HAL_DRIVER -DHSE_VALUE=8000000 -I"../include" -I"../system/include" -I"../system/include/cmsis" -I"../system/include/stm32f1-hal" -std=gnu11 -MMD -MP -MF"src/timer.d" -MT"src/timer.o" -c -o "src/timer.o" "../src/timer.c"
-mcpu=cortex-m3 -mthumb -O2 -g -DDEBUG -DUSE_FULL_ASSERT -DTRACE -DOS_USE_TRACE_SEMIHOSTING_DEBUG -DSTM32F103x6 -DUSE_HAL_DRIVER -DHSE_VALUE=8000000 -I../include -I../system/include -I../system/include/cmsis -I../system/include/stm32f1-hal -std=gnu11 -MMD -MP -MFsrc/timer.d -MTsrc/timer.o -c -o src/timer.o ../src/timer.c
Finished building: ../src/timer.c
 
Building file: ../src/write.c
Invoking: GNU Arm Cross C Compiler
echo -mcpu=cortex-m3 -mthumb -O2  -g -DDEBUG -DUSE_FULL_ASSERT -DTRACE -DOS_USE_TRACE_SEMIHOSTING_DEBUG -DSTM32F103x6 -DUSE_HAL_DRIVER -DHSE_VALUE=8000000 -I"../include" -I"../system/include" -I"../system/include/cmsis" -I"../system/include/stm32f1-hal" -std=gnu11 -MMD -MP -MF"src/write.d" -MT"src/write.o" -c -o "src/write.o" "../src/write.c"
-mcpu=cortex-m3 -mthumb -O2 -g -DDEBUG -DUSE_FULL_ASSERT -DTRACE -DOS_USE_TRACE_SEMIHOSTING_DEBUG -DSTM32F103x6 -DUSE_HAL_DRIVER -DHSE_VALUE=8000000 -I../include -I../system/include -I../system/include/cmsis -I../system/include/stm32f1-hal -std=gnu11 -MMD -MP -MFsrc/write.d -MTsrc/write.o -c -o src/write.o ../src/write.c
Finished building: ../src/write.c
 
Building target: STM32F1_Blink.elf
Invoking: GNU Arm Cross C++ Linker
echo -mcpu=cortex-m3 -mthumb -O2  -g -Xlinker --gc-sections -L"../ldscripts" -Wl,-Map,"STM32F1_Blink.map" -o "STM32F1_Blink.elf"  ./system/src/stm32f1-hal/stm32f1xx_hal.o ./system/src/stm32f1-hal/stm32f1xx_hal_cortex.o ./system/src/stm32f1-hal/stm32f1xx_hal_flash.o ./system/src/stm32f1-hal/stm32f1xx_hal_flash_ex.o ./system/src/stm32f1-hal/stm32f1xx_hal_gpio.o ./system/src/stm32f1-hal/stm32f1xx_hal_gpio_ex.o ./system/src/stm32f1-hal/stm32f1xx_hal_iwdg.o ./system/src/stm32f1-hal/stm32f1xx_hal_pwr.o ./system/src/stm32f1-hal/stm32f1xx_hal_rcc.o  ./system/src/newlib/assert.o ./system/src/newlib/cxx.o ./system/src/newlib/exit.o ./system/src/newlib/sbrk.o ./system/src/newlib/startup.o ./system/src/newlib/syscalls.o  ./system/src/diag/trace-impl.o ./system/src/diag/trace.o  ./system/src/cortexm/exception-handlers.o ./system/src/cortexm/initialize-hardware.o ./system/src/cortexm/reset-hardware.o  ./system/src/cmsis/system_stm32f1xx.o ./system/src/cmsis/vectors_stm32f103x6.o  ./src/initialize-hardware.o ./src/led.o ./src/main.o ./src/stm32f1xx_hal_msp.o ./src/timer.o ./src/write.o   
-mcpu=cortex-m3 -mthumb -O2 -g -Xlinker --gc-sections -L../ldscripts -Wl,-Map,STM32F1_Blink.map -o STM32F1_Blink.elf ./system/src/stm32f1-hal/stm32f1xx_hal.o ./system/src/stm32f1-hal/stm32f1xx_hal_cortex.o ./system/src/stm32f1-hal/stm32f1xx_hal_flash.o ./system/src/stm32f1-hal/stm32f1xx_hal_flash_ex.o ./system/src/stm32f1-hal/stm32f1xx_hal_gpio.o ./system/src/stm32f1-hal/stm32f1xx_hal_gpio_ex.o ./system/src/stm32f1-hal/stm32f1xx_hal_iwdg.o ./system/src/stm32f1-hal/stm32f1xx_hal_pwr.o ./system/src/stm32f1-hal/stm32f1xx_hal_rcc.o ./system/src/newlib/assert.o ./system/src/newlib/cxx.o ./system/src/newlib/exit.o ./system/src/newlib/sbrk.o ./system/src/newlib/startup.o ./system/src/newlib/syscalls.o ./system/src/diag/trace-impl.o ./system/src/diag/trace.o ./system/src/cortexm/exception-handlers.o ./system/src/cortexm/initialize-hardware.o ./system/src/cortexm/reset-hardware.o ./system/src/cmsis/system_stm32f1xx.o ./system/src/cmsis/vectors_stm32f103x6.o ./src/initialize-hardware.o ./src/led.o ./src/main.o ./src/stm32f1xx_hal_msp.o ./src/timer.o ./src/write.o
Finished building target: STM32F1_Blink.elf
 

22:13:39 Build Finished. 0 errors, 0 warnings. (took 1s.336ms)

